The system is: Linux - 5.13.0-30-generic - x86_64
Compiling the C compiler identification source file "CMakeCCompilerId.c" succeeded.
Compiler: /opt/nvidia/hpc_sdk/Linux_x86_64/22.2/compilers/bin/nvc 
Build flags: 
Id flags:  

The output was:
0


Compilation of the C compiler identification source "CMakeCCompilerId.c" produced "a.out"

The C compiler identification is PGI, found in "/home/lucas/sod2d_github/build/CMakeFiles/3.18.4/CompilerIdC/a.out"

Compiling the CXX compiler identification source file "CMakeCXXCompilerId.cpp" succeeded.
Compiler: /opt/nvidia/hpc_sdk/Linux_x86_64/22.2/compilers/bin/nvc++ 
Build flags: 
Id flags:  

The output was:
0


Compilation of the CXX compiler identification source "CMakeCXXCompilerId.cpp" produced "a.out"

The CXX compiler identification is PGI, found in "/home/lucas/sod2d_github/build/CMakeFiles/3.18.4/CompilerIdCXX/a.out"

Detecting C compiler ABI info compiled with the following output:
Change Dir: /home/lucas/sod2d_github/build/CMakeFiles/CMakeTmp

Run Build Command(s):/usr/bin/gmake cmTC_f4bfd/fast && /usr/bin/gmake  -f CMakeFiles/cmTC_f4bfd.dir/build.make CMakeFiles/cmTC_f4bfd.dir/build
gmake[1]: Entering directory '/home/lucas/sod2d_github/build/CMakeFiles/CMakeTmp'
Building C object CMakeFiles/cmTC_f4bfd.dir/CMakeCCompilerABI.c.o
/opt/nvidia/hpc_sdk/Linux_x86_64/22.2/compilers/bin/nvc   -v -o CMakeFiles/cmTC_f4bfd.dir/CMakeCCompilerABI.c.o -c /usr/share/cmake-3.18/Modules/CMakeCCompilerABI.c
Export NVCOMPILER=/opt/nvidia/hpc_sdk/Linux_x86_64/22.2
Export PGI=/opt/nvidia/hpc_sdk

/opt/nvidia/hpc_sdk/Linux_x86_64/22.2/compilers/bin/tools/cpp1 --llalign -Dunix -D__unix -D__unix__ -Dlinux -D__linux -D__linux__ -D__NO_MATH_INLINES -D__LP64__ -D__x86_64 -D__x86_64__ -D__LONG_MAX__=9223372036854775807L '-D__SIZE_TYPE__=unsigned long int' '-D__PTRDIFF_TYPE__=long int' -D__amd64 -D__amd64__ -D__k8 -D__k8__ -D__MMX__ -D__SSE__ -D__SSE2__ -D__SSE3__ -D__SSSE3__ -D__ABM__ -D__SSE4_1__ -D__SSE4_2__ -D__AVX__ -D__AVX2__ -D__F16C__ -D__FMA__ -D__XSAVE__ -D__XSAVEOPT__ -D__XSAVEC__ -D__XSAVES__ -D__POPCNT__ -D__AES__ -D__PCLMUL__ -D__CLFLUSHOPT__ -D__FSGSBASE__ -D__RDRND__ -D__BMI__ -D__BMI2__ -D__LZCNT__ -D__FXSR__ -D__RTM__ -D__PGI -D__NVCOMPILER -D_PGCG_SOURCE --c -I- --sys_include /opt/nvidia/hpc_sdk/Linux_x86_64/22.2/compilers/include --sys_include /usr/lib/gcc/x86_64-linux-gnu/11/include --sys_include /usr/local/include --sys_include /usr/include/x86_64-linux-gnu --sys_include /usr/include -D__PGLLVM__ -D__NVCOMPILER_LLVM__ -D__extension__= --preinclude _cplus_preinclude.h --preinclude_macros _cplus_macros.h --gnu_version=110200 -D__pgnu_vsn=110200 -q -o /tmp/nvcEnpgAZ9x4hO8.il /usr/share/cmake-3.18/Modules/CMakeCCompilerABI.c

/opt/nvidia/hpc_sdk/Linux_x86_64/22.2/compilers/bin/tools/cpp2 /usr/share/cmake-3.18/Modules/CMakeCCompilerABI.c -opt 1 -x 119 0xa10000 -x 122 0x40 -x 123 0x1000 -x 127 4 -x 127 17 -x 19 0x400000 -x 28 0x40000 -x 120 0x10000000 -x 70 0x8000 -x 122 1 -x 125 0x20000 -quad -x 59 4 -tp haswell -x 120 0x1000 -astype 0 -x 121 1 -fn /usr/share/cmake-3.18/Modules/CMakeCCompilerABI.c -il /tmp/nvcEnpgAZ9x4hO8.il -x 123 0x80000000 -x 123 4 -x 2 0x400 -x 119 0x20 -def __pgnu_vsn=110200 -x 70 0x40000000 -x 183 4 -x 121 0x800 -x 6 0x20000 -x 122 0x400000 -y 125 0x100000 -x 249 130 -x 120 0x200000 -x 70 0x40000000 -x 8 0x40000000 -x 164 0x800000 -x 85 0x2000 -x 85 0x4000 -x 34 0x40000000 -x 53 0x800000 -x 83 0x1 -x 84 0x3c7 -x 85 0x1 -x 206 0x02 -x 68 0x1 -x 39 4 -x 56 0x10 -x 26 0x10 -x 26 1 -x 56 0x4000 -y 163 0xc0000000 -x 189 0x10 -y 189 0x4000000 -gnuvsn 110200 -x 69 0x200 -x 123 0x400 -cmdline '+nvc /tmp/nvcEnpgAZ9x4hO8.il -v -o CMakeFiles/cmTC_f4bfd.dir/CMakeCCompilerABI.c.o -c' -asm /tmp/nvc_npg6dotFT76.ll
NVC++/x86-64 Linux 22.2-0: compilation successful

/opt/nvidia/hpc_sdk/Linux_x86_64/22.2/compilers/share/llvm/bin/llc /tmp/nvc_npg6dotFT76.ll -march=x86-64 -mcpu=native -mattr=+mmx -mattr=+sse -mattr=+sse2 -mattr=+sse3 -mattr=+ssse3 -mattr=+sse4.1 -mattr=+sse4.2 -mattr=+avx -mattr=+avx2 -mattr=+f16c -mattr=+fma -mattr=+xsave -mattr=+xsaveopt -mattr=+xsavec -mattr=+xsaves -mattr=+popcnt -mattr=+aes -mattr=+pclmul -mattr=+clflushopt -mattr=+fsgsbase -mattr=+rdrnd -mattr=+bmi -mattr=+bmi2 -mattr=+lzcnt -mattr=+fxsr -mattr=+rtm -O1 -fast-isel=0 -non-global-value-max-name-size=4294967295 -x86-cmov-converter=0 -dwarf-directory=false --align-all-functions=6 --frame-pointer=none -o /tmp/nvcUnpgkJ_JnkQC.s

/usr/bin/as /tmp/nvcUnpgkJ_JnkQC.s -o CMakeFiles/cmTC_f4bfd.dir/CMakeCCompilerABI.c.o
Unlinking /tmp/nvcEnpgAZ9x4hO8.il
Unlinking /tmp/nvconpgQoSE3nve.s
Unlinking /tmp/nvc_npg6dotFT76.ll
Unlinking /tmp/nvcUnpgkJ_JnkQC.s
Unlinking /tmp/nvcEnpgA8YY5wjC.llvm
Linking C executable cmTC_f4bfd
/usr/bin/cmake -E cmake_link_script CMakeFiles/cmTC_f4bfd.dir/link.txt --verbose=1
/opt/nvidia/hpc_sdk/Linux_x86_64/22.2/compilers/bin/nvc  -v CMakeFiles/cmTC_f4bfd.dir/CMakeCCompilerABI.c.o -o cmTC_f4bfd 
Export NVCOMPILER=/opt/nvidia/hpc_sdk/Linux_x86_64/22.2
Export PGI=/opt/nvidia/hpc_sdk

/usr/bin/ld /usr/lib/x86_64-linux-gnu/crt1.o /usr/lib/x86_64-linux-gnu/crti.o /opt/nvidia/hpc_sdk/Linux_x86_64/22.2/compilers/lib/trace_init.o /usr/lib/gcc/x86_64-linux-gnu/11/crtbegin.o --eh-frame-hdr -m elf_x86_64 -dynamic-linker /lib64/ld-linux-x86-64.so.2 -T /opt/nvidia/hpc_sdk/Linux_x86_64/22.2/compilers/lib/nvhpc.ld -L/opt/nvidia/hpc_sdk/Linux_x86_64/22.2/compilers/lib -L/usr/lib64 -L/usr/lib/gcc/x86_64-linux-gnu/11 CMakeFiles/cmTC_f4bfd.dir/CMakeCCompilerABI.c.o -rpath /opt/nvidia/hpc_sdk/Linux_x86_64/22.2/compilers/lib -rpath /usr/lib/gcc/x86_64-linux-gnu/11/../../../../lib64 -o cmTC_f4bfd -L/usr/lib/gcc/x86_64-linux-gnu/11/../../../../lib64 -lnvomp -ldl --as-needed -lnvhpcatm -latomic --no-as-needed -lpthread -lnvcpumath -lnsnvc -lnvc -lgcc -lc -lgcc_s -lm /usr/lib/gcc/x86_64-linux-gnu/11/crtend.o /usr/lib/x86_64-linux-gnu/crtn.o
gmake[1]: Leaving directory '/home/lucas/sod2d_github/build/CMakeFiles/CMakeTmp'



Parsed C implicit include dir info from above output: rv=start
  warn: unable to parse implicit include dirs!


Parsed C implicit link information from above output:
  link line regex: [^( *|.*[/\])(ld|CMAKE_LINK_STARTFILE-NOTFOUND|([^/\]+-)?ld|collect2)[^/\]*( |$)]
  ignore line: [Change Dir: /home/lucas/sod2d_github/build/CMakeFiles/CMakeTmp]
  ignore line: []
  ignore line: [Run Build Command(s):/usr/bin/gmake cmTC_f4bfd/fast && /usr/bin/gmake  -f CMakeFiles/cmTC_f4bfd.dir/build.make CMakeFiles/cmTC_f4bfd.dir/build]
  ignore line: [gmake[1]: Entering directory '/home/lucas/sod2d_github/build/CMakeFiles/CMakeTmp']
  ignore line: [Building C object CMakeFiles/cmTC_f4bfd.dir/CMakeCCompilerABI.c.o]
  ignore line: [/opt/nvidia/hpc_sdk/Linux_x86_64/22.2/compilers/bin/nvc   -v -o CMakeFiles/cmTC_f4bfd.dir/CMakeCCompilerABI.c.o -c /usr/share/cmake-3.18/Modules/CMakeCCompilerABI.c]
  ignore line: [Export NVCOMPILER=/opt/nvidia/hpc_sdk/Linux_x86_64/22.2]
  ignore line: [Export PGI=/opt/nvidia/hpc_sdk]
  ignore line: []
  ignore line: [/opt/nvidia/hpc_sdk/Linux_x86_64/22.2/compilers/bin/tools/cpp1 --llalign -Dunix -D__unix -D__unix__ -Dlinux -D__linux -D__linux__ -D__NO_MATH_INLINES -D__LP64__ -D__x86_64 -D__x86_64__ -D__LONG_MAX__=9223372036854775807L '-D__SIZE_TYPE__=unsigned long int' '-D__PTRDIFF_TYPE__=long int' -D__amd64 -D__amd64__ -D__k8 -D__k8__ -D__MMX__ -D__SSE__ -D__SSE2__ -D__SSE3__ -D__SSSE3__ -D__ABM__ -D__SSE4_1__ -D__SSE4_2__ -D__AVX__ -D__AVX2__ -D__F16C__ -D__FMA__ -D__XSAVE__ -D__XSAVEOPT__ -D__XSAVEC__ -D__XSAVES__ -D__POPCNT__ -D__AES__ -D__PCLMUL__ -D__CLFLUSHOPT__ -D__FSGSBASE__ -D__RDRND__ -D__BMI__ -D__BMI2__ -D__LZCNT__ -D__FXSR__ -D__RTM__ -D__PGI -D__NVCOMPILER -D_PGCG_SOURCE --c -I- --sys_include /opt/nvidia/hpc_sdk/Linux_x86_64/22.2/compilers/include --sys_include /usr/lib/gcc/x86_64-linux-gnu/11/include --sys_include /usr/local/include --sys_include /usr/include/x86_64-linux-gnu --sys_include /usr/include -D__PGLLVM__ -D__NVCOMPILER_LLVM__ -D__extension__= --preinclude _cplus_preinclude.h --preinclude_macros _cplus_macros.h --gnu_version=110200 -D__pgnu_vsn=110200 -q -o /tmp/nvcEnpgAZ9x4hO8.il /usr/share/cmake-3.18/Modules/CMakeCCompilerABI.c]
  ignore line: []
  ignore line: [/opt/nvidia/hpc_sdk/Linux_x86_64/22.2/compilers/bin/tools/cpp2 /usr/share/cmake-3.18/Modules/CMakeCCompilerABI.c -opt 1 -x 119 0xa10000 -x 122 0x40 -x 123 0x1000 -x 127 4 -x 127 17 -x 19 0x400000 -x 28 0x40000 -x 120 0x10000000 -x 70 0x8000 -x 122 1 -x 125 0x20000 -quad -x 59 4 -tp haswell -x 120 0x1000 -astype 0 -x 121 1 -fn /usr/share/cmake-3.18/Modules/CMakeCCompilerABI.c -il /tmp/nvcEnpgAZ9x4hO8.il -x 123 0x80000000 -x 123 4 -x 2 0x400 -x 119 0x20 -def __pgnu_vsn=110200 -x 70 0x40000000 -x 183 4 -x 121 0x800 -x 6 0x20000 -x 122 0x400000 -y 125 0x100000 -x 249 130 -x 120 0x200000 -x 70 0x40000000 -x 8 0x40000000 -x 164 0x800000 -x 85 0x2000 -x 85 0x4000 -x 34 0x40000000 -x 53 0x800000 -x 83 0x1 -x 84 0x3c7 -x 85 0x1 -x 206 0x02 -x 68 0x1 -x 39 4 -x 56 0x10 -x 26 0x10 -x 26 1 -x 56 0x4000 -y 163 0xc0000000 -x 189 0x10 -y 189 0x4000000 -gnuvsn 110200 -x 69 0x200 -x 123 0x400 -cmdline '+nvc /tmp/nvcEnpgAZ9x4hO8.il -v -o CMakeFiles/cmTC_f4bfd.dir/CMakeCCompilerABI.c.o -c' -asm /tmp/nvc_npg6dotFT76.ll]
  ignore line: [NVC++/x86-64 Linux 22.2-0: compilation successful]
  ignore line: []
  ignore line: [/opt/nvidia/hpc_sdk/Linux_x86_64/22.2/compilers/share/llvm/bin/llc /tmp/nvc_npg6dotFT76.ll -march=x86-64 -mcpu=native -mattr=+mmx -mattr=+sse -mattr=+sse2 -mattr=+sse3 -mattr=+ssse3 -mattr=+sse4.1 -mattr=+sse4.2 -mattr=+avx -mattr=+avx2 -mattr=+f16c -mattr=+fma -mattr=+xsave -mattr=+xsaveopt -mattr=+xsavec -mattr=+xsaves -mattr=+popcnt -mattr=+aes -mattr=+pclmul -mattr=+clflushopt -mattr=+fsgsbase -mattr=+rdrnd -mattr=+bmi -mattr=+bmi2 -mattr=+lzcnt -mattr=+fxsr -mattr=+rtm -O1 -fast-isel=0 -non-global-value-max-name-size=4294967295 -x86-cmov-converter=0 -dwarf-directory=false --align-all-functions=6 --frame-pointer=none -o /tmp/nvcUnpgkJ_JnkQC.s]
  ignore line: []
  ignore line: [/usr/bin/as /tmp/nvcUnpgkJ_JnkQC.s -o CMakeFiles/cmTC_f4bfd.dir/CMakeCCompilerABI.c.o]
  ignore line: [Unlinking /tmp/nvcEnpgAZ9x4hO8.il]
  ignore line: [Unlinking /tmp/nvconpgQoSE3nve.s]
  ignore line: [Unlinking /tmp/nvc_npg6dotFT76.ll]
  ignore line: [Unlinking /tmp/nvcUnpgkJ_JnkQC.s]
  ignore line: [Unlinking /tmp/nvcEnpgA8YY5wjC.llvm]
  ignore line: [Linking C executable cmTC_f4bfd]
  ignore line: [/usr/bin/cmake -E cmake_link_script CMakeFiles/cmTC_f4bfd.dir/link.txt --verbose=1]
  ignore line: [/opt/nvidia/hpc_sdk/Linux_x86_64/22.2/compilers/bin/nvc  -v CMakeFiles/cmTC_f4bfd.dir/CMakeCCompilerABI.c.o -o cmTC_f4bfd ]
  ignore line: [Export NVCOMPILER=/opt/nvidia/hpc_sdk/Linux_x86_64/22.2]
  ignore line: [Export PGI=/opt/nvidia/hpc_sdk]
  ignore line: []
  link line: [/usr/bin/ld /usr/lib/x86_64-linux-gnu/crt1.o /usr/lib/x86_64-linux-gnu/crti.o /opt/nvidia/hpc_sdk/Linux_x86_64/22.2/compilers/lib/trace_init.o /usr/lib/gcc/x86_64-linux-gnu/11/crtbegin.o --eh-frame-hdr -m elf_x86_64 -dynamic-linker /lib64/ld-linux-x86-64.so.2 -T /opt/nvidia/hpc_sdk/Linux_x86_64/22.2/compilers/lib/nvhpc.ld -L/opt/nvidia/hpc_sdk/Linux_x86_64/22.2/compilers/lib -L/usr/lib64 -L/usr/lib/gcc/x86_64-linux-gnu/11 CMakeFiles/cmTC_f4bfd.dir/CMakeCCompilerABI.c.o -rpath /opt/nvidia/hpc_sdk/Linux_x86_64/22.2/compilers/lib -rpath /usr/lib/gcc/x86_64-linux-gnu/11/../../../../lib64 -o cmTC_f4bfd -L/usr/lib/gcc/x86_64-linux-gnu/11/../../../../lib64 -lnvomp -ldl --as-needed -lnvhpcatm -latomic --no-as-needed -lpthread -lnvcpumath -lnsnvc -lnvc -lgcc -lc -lgcc_s -lm /usr/lib/gcc/x86_64-linux-gnu/11/crtend.o /usr/lib/x86_64-linux-gnu/crtn.o]
    arg [/usr/bin/ld] ==> ignore
    arg [/usr/lib/x86_64-linux-gnu/crt1.o] ==> ignore
    arg [/usr/lib/x86_64-linux-gnu/crti.o] ==> ignore
    arg [/opt/nvidia/hpc_sdk/Linux_x86_64/22.2/compilers/lib/trace_init.o] ==> ignore
    arg [/usr/lib/gcc/x86_64-linux-gnu/11/crtbegin.o] ==> ignore
    arg [--eh-frame-hdr] ==> ignore
    arg [-m] ==> ignore
    arg [elf_x86_64] ==> ignore
    arg [-dynamic-linker] ==> ignore
    arg [/lib64/ld-linux-x86-64.so.2] ==> ignore
    arg [-T] ==> ignore
    arg [/opt/nvidia/hpc_sdk/Linux_x86_64/22.2/compilers/lib/nvhpc.ld] ==> ignore
    arg [-L/opt/nvidia/hpc_sdk/Linux_x86_64/22.2/compilers/lib] ==> dir [/opt/nvidia/hpc_sdk/Linux_x86_64/22.2/compilers/lib]
    arg [-L/usr/lib64] ==> dir [/usr/lib64]
    arg [-L/usr/lib/gcc/x86_64-linux-gnu/11] ==> dir [/usr/lib/gcc/x86_64-linux-gnu/11]
    arg [CMakeFiles/cmTC_f4bfd.dir/CMakeCCompilerABI.c.o] ==> ignore
    arg [-rpath] ==> ignore
    arg [/opt/nvidia/hpc_sdk/Linux_x86_64/22.2/compilers/lib] ==> ignore
    arg [-rpath] ==> ignore
    arg [/usr/lib/gcc/x86_64-linux-gnu/11/../../../../lib64] ==> ignore
    arg [-o] ==> ignore
    arg [cmTC_f4bfd] ==> ignore
    arg [-L/usr/lib/gcc/x86_64-linux-gnu/11/../../../../lib64] ==> dir [/usr/lib/gcc/x86_64-linux-gnu/11/../../../../lib64]
    arg [-lnvomp] ==> lib [nvomp]
    arg [-ldl] ==> lib [dl]
    arg [--as-needed] ==> ignore
    arg [-lnvhpcatm] ==> lib [nvhpcatm]
    arg [-latomic] ==> lib [atomic]
    arg [--no-as-needed] ==> ignore
    arg [-lpthread] ==> lib [pthread]
    arg [-lnvcpumath] ==> lib [nvcpumath]
    arg [-lnsnvc] ==> lib [nsnvc]
    arg [-lnvc] ==> lib [nvc]
    arg [-lgcc] ==> lib [gcc]
    arg [-lc] ==> lib [c]
    arg [-lgcc_s] ==> lib [gcc_s]
    arg [-lm] ==> lib [m]
    arg [/usr/lib/gcc/x86_64-linux-gnu/11/crtend.o] ==> ignore
    arg [/usr/lib/x86_64-linux-gnu/crtn.o] ==> ignore
  collapse library dir [/opt/nvidia/hpc_sdk/Linux_x86_64/22.2/compilers/lib] ==> [/opt/nvidia/hpc_sdk/Linux_x86_64/22.2/compilers/lib]
  collapse library dir [/usr/lib64] ==> [/usr/lib64]
  collapse library dir [/usr/lib/gcc/x86_64-linux-gnu/11] ==> [/usr/lib/gcc/x86_64-linux-gnu/11]
  collapse library dir [/usr/lib/gcc/x86_64-linux-gnu/11/../../../../lib64] ==> [/usr/lib64]
  implicit libs: [nvomp;dl;nvhpcatm;atomic;pthread;nvcpumath;nsnvc;nvc;gcc;c;gcc_s;m]
  implicit dirs: [/opt/nvidia/hpc_sdk/Linux_x86_64/22.2/compilers/lib;/usr/lib64;/usr/lib/gcc/x86_64-linux-gnu/11]
  implicit fwks: []


Detecting CXX compiler ABI info compiled with the following output:
Change Dir: /home/lucas/sod2d_github/build/CMakeFiles/CMakeTmp

Run Build Command(s):/usr/bin/gmake cmTC_2fab9/fast && /usr/bin/gmake  -f CMakeFiles/cmTC_2fab9.dir/build.make CMakeFiles/cmTC_2fab9.dir/build
gmake[1]: Entering directory '/home/lucas/sod2d_github/build/CMakeFiles/CMakeTmp'
Building CXX object CMakeFiles/cmTC_2fab9.dir/CMakeCXXCompilerABI.cpp.o
/opt/nvidia/hpc_sdk/Linux_x86_64/22.2/compilers/bin/nvc++   -v -o CMakeFiles/cmTC_2fab9.dir/CMakeCXXCompilerABI.cpp.o -c /usr/share/cmake-3.18/Modules/CMakeCXXCompilerABI.cpp
Export NVCOMPILER=/opt/nvidia/hpc_sdk/Linux_x86_64/22.2
Export PGI=/opt/nvidia/hpc_sdk

/opt/nvidia/hpc_sdk/Linux_x86_64/22.2/compilers/bin/tools/cpp1 --llalign -Dunix -D__unix -D__unix__ -Dlinux -D__linux -D__linux__ -D__NO_MATH_INLINES -D__LP64__ -D__x86_64 -D__x86_64__ -D__LONG_MAX__=9223372036854775807L '-D__SIZE_TYPE__=unsigned long int' '-D__PTRDIFF_TYPE__=long int' -D__amd64 -D__amd64__ -D__k8 -D__k8__ -D__MMX__ -D__SSE__ -D__SSE2__ -D__SSE3__ -D__SSSE3__ -D__ABM__ -D__SSE4_1__ -D__SSE4_2__ -D__AVX__ -D__AVX2__ -D__F16C__ -D__FMA__ -D__XSAVE__ -D__XSAVEOPT__ -D__XSAVEC__ -D__XSAVES__ -D__POPCNT__ -D__AES__ -D__PCLMUL__ -D__CLFLUSHOPT__ -D__FSGSBASE__ -D__RDRND__ -D__BMI__ -D__BMI2__ -D__LZCNT__ -D__FXSR__ -D__RTM__ -D__PGI -D__NVCOMPILER -D_GNU_SOURCE -D_PGCG_SOURCE -I- --sys_include /opt/nvidia/hpc_sdk/Linux_x86_64/22.2/compilers/include --sys_include /usr/include/c++/11 --sys_include /usr/include/x86_64-linux-gnu/c++/11 --sys_include /usr/include/c++/11/backward --sys_include /usr/lib/gcc/x86_64-linux-gnu/11/include --sys_include /usr/local/include --sys_include /usr/include/x86_64-linux-gnu --sys_include /usr/include -D__PGLLVM__ -D__NVCOMPILER_LLVM__ -D__extension__= --preinclude _cplus_preinclude.h --preinclude_macros _cplus_macros.h --gnu_version=110200 -D__pgnu_vsn=110200 -q -o /tmp/nvc++hBpgvIzJ_ZOo.il /usr/share/cmake-3.18/Modules/CMakeCXXCompilerABI.cpp

/opt/nvidia/hpc_sdk/Linux_x86_64/22.2/compilers/bin/tools/cpp2 /usr/share/cmake-3.18/Modules/CMakeCXXCompilerABI.cpp -opt 1 -x 119 0xa10000 -x 122 0x40 -x 123 0x1000 -x 127 4 -x 127 17 -x 19 0x400000 -x 28 0x40000 -x 120 0x10000000 -x 70 0x8000 -x 122 1 -x 125 0x20000 -quad -x 59 4 -tp haswell -x 120 0x1000 -astype 0 -x 121 1 -fn /usr/share/cmake-3.18/Modules/CMakeCXXCompilerABI.cpp -il /tmp/nvc++hBpgvIzJ_ZOo.il -x 117 0x200 -x 123 0x80000000 -x 123 4 -x 119 0x20 -def __pgnu_vsn=110200 -x 70 0x40000000 -x 183 4 -x 121 0x800 -x 6 0x20000 -x 249 130 -x 120 0x200000 -x 70 0x40000000 -x 8 0x40000000 -x 164 0x800000 -x 85 0x2000 -x 85 0x4000 -x 34 0x40000000 -x 53 0x800000 -x 83 0x1 -x 84 0x3c7 -x 85 0x1 -x 206 0x02 -x 68 0x1 -x 39 4 -x 56 0x10 -x 26 0x10 -x 26 1 -x 56 0x4000 -y 163 0xc0000000 -x 189 0x10 -y 189 0x4000000 -gnuvsn 110200 -x 69 0x200 -x 123 0x400 -cmdline '+nvc++ /tmp/nvc++hBpgvIzJ_ZOo.il -v -o CMakeFiles/cmTC_2fab9.dir/CMakeCXXCompilerABI.cpp.o -c' -asm /tmp/nvc++3BpgLCuQxl5j.ll
NVC++/x86-64 Linux 22.2-0: compilation successful

/opt/nvidia/hpc_sdk/Linux_x86_64/22.2/compilers/share/llvm/bin/llc /tmp/nvc++3BpgLCuQxl5j.ll -march=x86-64 -mcpu=native -mattr=+mmx -mattr=+sse -mattr=+sse2 -mattr=+sse3 -mattr=+ssse3 -mattr=+sse4.1 -mattr=+sse4.2 -mattr=+avx -mattr=+avx2 -mattr=+f16c -mattr=+fma -mattr=+xsave -mattr=+xsaveopt -mattr=+xsavec -mattr=+xsaves -mattr=+popcnt -mattr=+aes -mattr=+pclmul -mattr=+clflushopt -mattr=+fsgsbase -mattr=+rdrnd -mattr=+bmi -mattr=+bmi2 -mattr=+lzcnt -mattr=+fxsr -mattr=+rtm -O1 -fast-isel=0 -non-global-value-max-name-size=4294967295 -x86-cmov-converter=0 -dwarf-directory=false --align-all-functions=6 --frame-pointer=none -o /tmp/nvc++VBpgnby0YySX.s

/usr/bin/as /tmp/nvc++VBpgnby0YySX.s -o CMakeFiles/cmTC_2fab9.dir/CMakeCXXCompilerABI.cpp.o
Unlinking /tmp/nvc++hBpgvIzJ_ZOo.il
Unlinking /tmp/nvc++-Bpg90fEhavO.s
Unlinking /tmp/nvc++3BpgLCuQxl5j.ll
Unlinking /tmp/nvc++VBpgnby0YySX.s
Unlinking /tmp/nvc++NBpg1k4kw7mm.llvm
Linking CXX executable cmTC_2fab9
/usr/bin/cmake -E cmake_link_script CMakeFiles/cmTC_2fab9.dir/link.txt --verbose=1
/opt/nvidia/hpc_sdk/Linux_x86_64/22.2/compilers/bin/nvc++  -v CMakeFiles/cmTC_2fab9.dir/CMakeCXXCompilerABI.cpp.o -o cmTC_2fab9 
Export NVCOMPILER=/opt/nvidia/hpc_sdk/Linux_x86_64/22.2
Export PGI=/opt/nvidia/hpc_sdk

/usr/bin/ld /usr/lib/x86_64-linux-gnu/crt1.o /usr/lib/x86_64-linux-gnu/crti.o /opt/nvidia/hpc_sdk/Linux_x86_64/22.2/compilers/lib/trace_init.o /usr/lib/gcc/x86_64-linux-gnu/11/crtbegin.o --eh-frame-hdr -m elf_x86_64 -dynamic-linker /lib64/ld-linux-x86-64.so.2 -T /opt/nvidia/hpc_sdk/Linux_x86_64/22.2/compilers/lib/nvhpc.ld -L/opt/nvidia/hpc_sdk/Linux_x86_64/22.2/compilers/lib -L/usr/lib64 -L/usr/lib/gcc/x86_64-linux-gnu/11 CMakeFiles/cmTC_2fab9.dir/CMakeCXXCompilerABI.cpp.o -rpath /opt/nvidia/hpc_sdk/Linux_x86_64/22.2/compilers/lib -rpath /usr/lib/gcc/x86_64-linux-gnu/11/../../../../lib64 -o cmTC_2fab9 -L/usr/lib/gcc/x86_64-linux-gnu/11/../../../../lib64 -latomic -lnvhpcatm -lstdc++ -lnvomp -ldl --as-needed -lnvhpcatm -latomic --no-as-needed -lpthread -lnvcpumath -lnsnvc -lnvc -lgcc -lc -lgcc_s -lm /usr/lib/gcc/x86_64-linux-gnu/11/crtend.o /usr/lib/x86_64-linux-gnu/crtn.o
gmake[1]: Leaving directory '/home/lucas/sod2d_github/build/CMakeFiles/CMakeTmp'



Parsed CXX implicit include dir info from above output: rv=start
  warn: unable to parse implicit include dirs!


Parsed CXX implicit link information from above output:
  link line regex: [^( *|.*[/\])(ld|CMAKE_LINK_STARTFILE-NOTFOUND|([^/\]+-)?ld|collect2)[^/\]*( |$)]
  ignore line: [Change Dir: /home/lucas/sod2d_github/build/CMakeFiles/CMakeTmp]
  ignore line: []
  ignore line: [Run Build Command(s):/usr/bin/gmake cmTC_2fab9/fast && /usr/bin/gmake  -f CMakeFiles/cmTC_2fab9.dir/build.make CMakeFiles/cmTC_2fab9.dir/build]
  ignore line: [gmake[1]: Entering directory '/home/lucas/sod2d_github/build/CMakeFiles/CMakeTmp']
  ignore line: [Building CXX object CMakeFiles/cmTC_2fab9.dir/CMakeCXXCompilerABI.cpp.o]
  ignore line: [/opt/nvidia/hpc_sdk/Linux_x86_64/22.2/compilers/bin/nvc++   -v -o CMakeFiles/cmTC_2fab9.dir/CMakeCXXCompilerABI.cpp.o -c /usr/share/cmake-3.18/Modules/CMakeCXXCompilerABI.cpp]
  ignore line: [Export NVCOMPILER=/opt/nvidia/hpc_sdk/Linux_x86_64/22.2]
  ignore line: [Export PGI=/opt/nvidia/hpc_sdk]
  ignore line: []
  ignore line: [/opt/nvidia/hpc_sdk/Linux_x86_64/22.2/compilers/bin/tools/cpp1 --llalign -Dunix -D__unix -D__unix__ -Dlinux -D__linux -D__linux__ -D__NO_MATH_INLINES -D__LP64__ -D__x86_64 -D__x86_64__ -D__LONG_MAX__=9223372036854775807L '-D__SIZE_TYPE__=unsigned long int' '-D__PTRDIFF_TYPE__=long int' -D__amd64 -D__amd64__ -D__k8 -D__k8__ -D__MMX__ -D__SSE__ -D__SSE2__ -D__SSE3__ -D__SSSE3__ -D__ABM__ -D__SSE4_1__ -D__SSE4_2__ -D__AVX__ -D__AVX2__ -D__F16C__ -D__FMA__ -D__XSAVE__ -D__XSAVEOPT__ -D__XSAVEC__ -D__XSAVES__ -D__POPCNT__ -D__AES__ -D__PCLMUL__ -D__CLFLUSHOPT__ -D__FSGSBASE__ -D__RDRND__ -D__BMI__ -D__BMI2__ -D__LZCNT__ -D__FXSR__ -D__RTM__ -D__PGI -D__NVCOMPILER -D_GNU_SOURCE -D_PGCG_SOURCE -I- --sys_include /opt/nvidia/hpc_sdk/Linux_x86_64/22.2/compilers/include --sys_include /usr/include/c++/11 --sys_include /usr/include/x86_64-linux-gnu/c++/11 --sys_include /usr/include/c++/11/backward --sys_include /usr/lib/gcc/x86_64-linux-gnu/11/include --sys_include /usr/local/include --sys_include /usr/include/x86_64-linux-gnu --sys_include /usr/include -D__PGLLVM__ -D__NVCOMPILER_LLVM__ -D__extension__= --preinclude _cplus_preinclude.h --preinclude_macros _cplus_macros.h --gnu_version=110200 -D__pgnu_vsn=110200 -q -o /tmp/nvc++hBpgvIzJ_ZOo.il /usr/share/cmake-3.18/Modules/CMakeCXXCompilerABI.cpp]
  ignore line: []
  ignore line: [/opt/nvidia/hpc_sdk/Linux_x86_64/22.2/compilers/bin/tools/cpp2 /usr/share/cmake-3.18/Modules/CMakeCXXCompilerABI.cpp -opt 1 -x 119 0xa10000 -x 122 0x40 -x 123 0x1000 -x 127 4 -x 127 17 -x 19 0x400000 -x 28 0x40000 -x 120 0x10000000 -x 70 0x8000 -x 122 1 -x 125 0x20000 -quad -x 59 4 -tp haswell -x 120 0x1000 -astype 0 -x 121 1 -fn /usr/share/cmake-3.18/Modules/CMakeCXXCompilerABI.cpp -il /tmp/nvc++hBpgvIzJ_ZOo.il -x 117 0x200 -x 123 0x80000000 -x 123 4 -x 119 0x20 -def __pgnu_vsn=110200 -x 70 0x40000000 -x 183 4 -x 121 0x800 -x 6 0x20000 -x 249 130 -x 120 0x200000 -x 70 0x40000000 -x 8 0x40000000 -x 164 0x800000 -x 85 0x2000 -x 85 0x4000 -x 34 0x40000000 -x 53 0x800000 -x 83 0x1 -x 84 0x3c7 -x 85 0x1 -x 206 0x02 -x 68 0x1 -x 39 4 -x 56 0x10 -x 26 0x10 -x 26 1 -x 56 0x4000 -y 163 0xc0000000 -x 189 0x10 -y 189 0x4000000 -gnuvsn 110200 -x 69 0x200 -x 123 0x400 -cmdline '+nvc++ /tmp/nvc++hBpgvIzJ_ZOo.il -v -o CMakeFiles/cmTC_2fab9.dir/CMakeCXXCompilerABI.cpp.o -c' -asm /tmp/nvc++3BpgLCuQxl5j.ll]
  ignore line: [NVC++/x86-64 Linux 22.2-0: compilation successful]
  ignore line: []
  ignore line: [/opt/nvidia/hpc_sdk/Linux_x86_64/22.2/compilers/share/llvm/bin/llc /tmp/nvc++3BpgLCuQxl5j.ll -march=x86-64 -mcpu=native -mattr=+mmx -mattr=+sse -mattr=+sse2 -mattr=+sse3 -mattr=+ssse3 -mattr=+sse4.1 -mattr=+sse4.2 -mattr=+avx -mattr=+avx2 -mattr=+f16c -mattr=+fma -mattr=+xsave -mattr=+xsaveopt -mattr=+xsavec -mattr=+xsaves -mattr=+popcnt -mattr=+aes -mattr=+pclmul -mattr=+clflushopt -mattr=+fsgsbase -mattr=+rdrnd -mattr=+bmi -mattr=+bmi2 -mattr=+lzcnt -mattr=+fxsr -mattr=+rtm -O1 -fast-isel=0 -non-global-value-max-name-size=4294967295 -x86-cmov-converter=0 -dwarf-directory=false --align-all-functions=6 --frame-pointer=none -o /tmp/nvc++VBpgnby0YySX.s]
  ignore line: []
  ignore line: [/usr/bin/as /tmp/nvc++VBpgnby0YySX.s -o CMakeFiles/cmTC_2fab9.dir/CMakeCXXCompilerABI.cpp.o]
  ignore line: [Unlinking /tmp/nvc++hBpgvIzJ_ZOo.il]
  ignore line: [Unlinking /tmp/nvc++-Bpg90fEhavO.s]
  ignore line: [Unlinking /tmp/nvc++3BpgLCuQxl5j.ll]
  ignore line: [Unlinking /tmp/nvc++VBpgnby0YySX.s]
  ignore line: [Unlinking /tmp/nvc++NBpg1k4kw7mm.llvm]
  ignore line: [Linking CXX executable cmTC_2fab9]
  ignore line: [/usr/bin/cmake -E cmake_link_script CMakeFiles/cmTC_2fab9.dir/link.txt --verbose=1]
  ignore line: [/opt/nvidia/hpc_sdk/Linux_x86_64/22.2/compilers/bin/nvc++  -v CMakeFiles/cmTC_2fab9.dir/CMakeCXXCompilerABI.cpp.o -o cmTC_2fab9 ]
  ignore line: [Export NVCOMPILER=/opt/nvidia/hpc_sdk/Linux_x86_64/22.2]
  ignore line: [Export PGI=/opt/nvidia/hpc_sdk]
  ignore line: []
  link line: [/usr/bin/ld /usr/lib/x86_64-linux-gnu/crt1.o /usr/lib/x86_64-linux-gnu/crti.o /opt/nvidia/hpc_sdk/Linux_x86_64/22.2/compilers/lib/trace_init.o /usr/lib/gcc/x86_64-linux-gnu/11/crtbegin.o --eh-frame-hdr -m elf_x86_64 -dynamic-linker /lib64/ld-linux-x86-64.so.2 -T /opt/nvidia/hpc_sdk/Linux_x86_64/22.2/compilers/lib/nvhpc.ld -L/opt/nvidia/hpc_sdk/Linux_x86_64/22.2/compilers/lib -L/usr/lib64 -L/usr/lib/gcc/x86_64-linux-gnu/11 CMakeFiles/cmTC_2fab9.dir/CMakeCXXCompilerABI.cpp.o -rpath /opt/nvidia/hpc_sdk/Linux_x86_64/22.2/compilers/lib -rpath /usr/lib/gcc/x86_64-linux-gnu/11/../../../../lib64 -o cmTC_2fab9 -L/usr/lib/gcc/x86_64-linux-gnu/11/../../../../lib64 -latomic -lnvhpcatm -lstdc++ -lnvomp -ldl --as-needed -lnvhpcatm -latomic --no-as-needed -lpthread -lnvcpumath -lnsnvc -lnvc -lgcc -lc -lgcc_s -lm /usr/lib/gcc/x86_64-linux-gnu/11/crtend.o /usr/lib/x86_64-linux-gnu/crtn.o]
    arg [/usr/bin/ld] ==> ignore
    arg [/usr/lib/x86_64-linux-gnu/crt1.o] ==> ignore
    arg [/usr/lib/x86_64-linux-gnu/crti.o] ==> ignore
    arg [/opt/nvidia/hpc_sdk/Linux_x86_64/22.2/compilers/lib/trace_init.o] ==> ignore
    arg [/usr/lib/gcc/x86_64-linux-gnu/11/crtbegin.o] ==> ignore
    arg [--eh-frame-hdr] ==> ignore
    arg [-m] ==> ignore
    arg [elf_x86_64] ==> ignore
    arg [-dynamic-linker] ==> ignore
    arg [/lib64/ld-linux-x86-64.so.2] ==> ignore
    arg [-T] ==> ignore
    arg [/opt/nvidia/hpc_sdk/Linux_x86_64/22.2/compilers/lib/nvhpc.ld] ==> ignore
    arg [-L/opt/nvidia/hpc_sdk/Linux_x86_64/22.2/compilers/lib] ==> dir [/opt/nvidia/hpc_sdk/Linux_x86_64/22.2/compilers/lib]
    arg [-L/usr/lib64] ==> dir [/usr/lib64]
    arg [-L/usr/lib/gcc/x86_64-linux-gnu/11] ==> dir [/usr/lib/gcc/x86_64-linux-gnu/11]
    arg [CMakeFiles/cmTC_2fab9.dir/CMakeCXXCompilerABI.cpp.o] ==> ignore
    arg [-rpath] ==> ignore
    arg [/opt/nvidia/hpc_sdk/Linux_x86_64/22.2/compilers/lib] ==> ignore
    arg [-rpath] ==> ignore
    arg [/usr/lib/gcc/x86_64-linux-gnu/11/../../../../lib64] ==> ignore
    arg [-o] ==> ignore
    arg [cmTC_2fab9] ==> ignore
    arg [-L/usr/lib/gcc/x86_64-linux-gnu/11/../../../../lib64] ==> dir [/usr/lib/gcc/x86_64-linux-gnu/11/../../../../lib64]
    arg [-latomic] ==> lib [atomic]
    arg [-lnvhpcatm] ==> lib [nvhpcatm]
    arg [-lstdc++] ==> lib [stdc++]
    arg [-lnvomp] ==> lib [nvomp]
    arg [-ldl] ==> lib [dl]
    arg [--as-needed] ==> ignore
    arg [-lnvhpcatm] ==> lib [nvhpcatm]
    arg [-latomic] ==> lib [atomic]
    arg [--no-as-needed] ==> ignore
    arg [-lpthread] ==> lib [pthread]
    arg [-lnvcpumath] ==> lib [nvcpumath]
    arg [-lnsnvc] ==> lib [nsnvc]
    arg [-lnvc] ==> lib [nvc]
    arg [-lgcc] ==> lib [gcc]
    arg [-lc] ==> lib [c]
    arg [-lgcc_s] ==> lib [gcc_s]
    arg [-lm] ==> lib [m]
    arg [/usr/lib/gcc/x86_64-linux-gnu/11/crtend.o] ==> ignore
    arg [/usr/lib/x86_64-linux-gnu/crtn.o] ==> ignore
  collapse library dir [/opt/nvidia/hpc_sdk/Linux_x86_64/22.2/compilers/lib] ==> [/opt/nvidia/hpc_sdk/Linux_x86_64/22.2/compilers/lib]
  collapse library dir [/usr/lib64] ==> [/usr/lib64]
  collapse library dir [/usr/lib/gcc/x86_64-linux-gnu/11] ==> [/usr/lib/gcc/x86_64-linux-gnu/11]
  collapse library dir [/usr/lib/gcc/x86_64-linux-gnu/11/../../../../lib64] ==> [/usr/lib64]
  implicit libs: [atomic;nvhpcatm;stdc++;nvomp;dl;nvhpcatm;atomic;pthread;nvcpumath;nsnvc;nvc;gcc;c;gcc_s;m]
  implicit dirs: [/opt/nvidia/hpc_sdk/Linux_x86_64/22.2/compilers/lib;/usr/lib64;/usr/lib/gcc/x86_64-linux-gnu/11]
  implicit fwks: []


Compiling the Fortran compiler identification source file "CMakeFortranCompilerId.F" succeeded.
Compiler: /opt/nvidia/hpc_sdk/Linux_x86_64/22.2/compilers/bin/nvfortran 
Build flags: 
Id flags: -v 

The output was:
0
Export NVCOMPILER=/opt/nvidia/hpc_sdk/Linux_x86_64/22.2
Export PGI=/opt/nvidia/hpc_sdk

/opt/nvidia/hpc_sdk/Linux_x86_64/22.2/compilers/bin/tools/fort1 CMakeFortranCompilerId.F -opt 1 -nostatic -x 19 0x400000 -quad -x 59 4 -x 15 2 -x 49 0x400004 -x 51 0x20 -x 57 0x4c -x 58 0x10000 -x 124 0x1000 -tp haswell -x 57 0xfb0000 -x 58 0x78031040 -x 47 0x08 -x 48 4608 -x 49 0x100 -stdinc /opt/nvidia/hpc_sdk/Linux_x86_64/22.2/compilers/include:/usr/lib/gcc/x86_64-linux-gnu/11/include:/usr/local/include:/usr/include/x86_64-linux-gnu:/usr/include -cmdline '+nvfortran CMakeFortranCompilerId.F -v' -def unix -def __unix -def __unix__ -def linux -def __linux -def __linux__ -def __NO_MATH_INLINES -def __LP64__ -def __x86_64 -def __x86_64__ -def __LONG_MAX__=9223372036854775807L -def '__SIZE_TYPE__=unsigned long int' -def '__PTRDIFF_TYPE__=long int' -def __amd64 -def __amd64__ -def __k8 -def __k8__ -def __MMX__ -def __SSE__ -def __SSE2__ -def __SSE3__ -def __SSSE3__ -def __ABM__ -def __SSE4_1__ -def __SSE4_2__ -def __AVX__ -def __AVX2__ -def __F16C__ -def __FMA__ -def __XSAVE__ -def __XSAVEOPT__ -def __XSAVEC__ -def __XSAVES__ -def __POPCNT__ -def __AES__ -def __PCLMUL__ -def __CLFLUSHOPT__ -def __FSGSBASE__ -def __RDRND__ -def __BMI__ -def __BMI2__ -def __LZCNT__ -def __FXSR__ -def __RTM__ -def __PGLLVM__ -def __NVCOMPILER_LLVM__ -def __extension__= -preprocess -nofreeform -vect 48 -x 54 1 -x 68 0x1 -x 70 0x40000000 -x 70 0x40000000 -x 68 0x1 -x 124 1 -x 195 0x8000 -y 163 0xc0000000 -x 189 0x10 -stbfile /tmp/nvfortranNLpg1IORHKbX.stb -modexport /tmp/nvfortranFLpgD5mybH_E.cmod -modindex /tmp/nvfortranxLpgffuLCcea.cmdx -cci /tmp/nvfortranVLpgnzDuvhGr.cci -output /tmp/nvfortran3LpgL0g8MrS8.ilm
  0 inform,   0 warnings,   0 severes, 0 fatal for cmakefortrancompilerid
NVFORTRAN/x86-64 Linux 22.2-0: compilation successful

/opt/nvidia/hpc_sdk/Linux_x86_64/22.2/compilers/bin/tools/fort2 /tmp/nvfortran3LpgL0g8MrS8.ilm -fn CMakeFortranCompilerId.F -opt 1 -x 51 0x20 -x 119 0xa10000 -x 122 0x40 -x 123 0x1000 -x 127 4 -x 127 17 -x 19 0x400000 -x 28 0x40000 -x 120 0x10000000 -x 70 0x8000 -x 122 1 -x 125 0x20000 -quad -x 59 4 -tp haswell -x 120 0x1000 -x 124 0x1400 -y 15 2 -x 57 0x3b0000 -x 58 0x48000000 -x 49 0x100 -astype 0 -x 121 1 -x 183 4 -x 121 0x800 -x 68 0x1 -x 8 0x40000000 -x 70 0x40000000 -x 56 0x10 -x 54 0x10 -x 249 130 -x 68 0x20 -x 70 0x40000000 -x 8 0x40000000 -x 164 0x800000 -x 85 0x2000 -x 85 0x4000 -x 34 0x40000000 -x 53 0x800000 -x 83 0x1 -x 84 0x3c7 -x 85 0x1 -x 206 0x02 -x 68 0x1 -x 39 4 -x 56 0x10 -x 26 0x10 -x 26 1 -x 56 0x4000 -x 124 1 -y 163 0xc0000000 -x 189 0x10 -y 189 0x4000000 -cci /tmp/nvfortranVLpgnzDuvhGr.cci -cmdline '+nvfortran CMakeFortranCompilerId.F -v' -stbfile /tmp/nvfortranNLpg1IORHKbX.stb -asm /tmp/nvfortranhLpgvBAvRex0.ll
  0 inform,   0 warnings,   0 severes, 0 fatal for cmakefortrancompilerid
NVFORTRAN/x86-64 Linux 22.2-0: compilation successful

/opt/nvidia/hpc_sdk/Linux_x86_64/22.2/compilers/share/llvm/bin/llc /tmp/nvfortranhLpgvBAvRex0.ll -march=x86-64 -mcpu=native -mattr=+mmx -mattr=+sse -mattr=+sse2 -mattr=+sse3 -mattr=+ssse3 -mattr=+sse4.1 -mattr=+sse4.2 -mattr=+avx -mattr=+avx2 -mattr=+f16c -mattr=+fma -mattr=+xsave -mattr=+xsaveopt -mattr=+xsavec -mattr=+xsaves -mattr=+popcnt -mattr=+aes -mattr=+pclmul -mattr=+clflushopt -mattr=+fsgsbase -mattr=+rdrnd -mattr=+bmi -mattr=+bmi2 -mattr=+lzcnt -mattr=+fxsr -mattr=+rtm -O1 -fast-isel=0 -non-global-value-max-name-size=4294967295 -x86-cmov-converter=0 -dwarf-directory=false --align-all-functions=6 --frame-pointer=none -o /tmp/nvfortran-Lpg91naDXXE.s

/usr/bin/as /tmp/nvfortran-Lpg91naDXXE.s -o /tmp/nvfortranVLpgnsHaCQ7L.o

/opt/nvidia/hpc_sdk/Linux_x86_64/22.2/compilers/bin/tools/append -noerror /tmp/nvfortranVLpgnsHaCQ7L.o -name .IPDINFO /tmp/nvfortranFLpgD5mybH_E.cmod -name .IPEINFO /tmp/nvfortranxLpgffuLCcea.cmdx

/usr/bin/ld /usr/lib/x86_64-linux-gnu/crt1.o /usr/lib/x86_64-linux-gnu/crti.o /opt/nvidia/hpc_sdk/Linux_x86_64/22.2/compilers/lib/trace_init.o /usr/lib/gcc/x86_64-linux-gnu/11/crtbegin.o /opt/nvidia/hpc_sdk/Linux_x86_64/22.2/compilers/lib/f90main.o --eh-frame-hdr -m elf_x86_64 -dynamic-linker /lib64/ld-linux-x86-64.so.2 -T /opt/nvidia/hpc_sdk/Linux_x86_64/22.2/compilers/lib/nvhpc.ld -L/opt/nvidia/hpc_sdk/Linux_x86_64/22.2/compilers/lib -L/usr/lib64 -L/usr/lib/gcc/x86_64-linux-gnu/11 /tmp/nvfortranVLpgnsHaCQ7L.o -rpath /opt/nvidia/hpc_sdk/Linux_x86_64/22.2/compilers/lib -rpath /usr/lib/gcc/x86_64-linux-gnu/11/../../../../lib64 -L/usr/lib/gcc/x86_64-linux-gnu/11/../../../../lib64 -lnvf -lnvomp -ldl --as-needed -lnvhpcatm -latomic --no-as-needed -lpthread -lnvcpumath -lnsnvc -lnvc -lrt -lpthread -lgcc -lc -lgcc_s -lm /usr/lib/gcc/x86_64-linux-gnu/11/crtend.o /usr/lib/x86_64-linux-gnu/crtn.o
Unlinking /tmp/nvfortran3LpgL0g8MrS8.ilm
Unlinking /tmp/nvfortranVLpgnzDuvhGr.cci
Unlinking /tmp/nvfortranNLpg1IORHKbX.stb
Unlinking /tmp/nvfortranFLpgD5mybH_E.cmod
Unlinking /tmp/nvfortranxLpgffuLCcea.cmdx
Unlinking /tmp/nvfortranpLpgTTu3SDga.s
Unlinking /tmp/nvfortranhLpgvBAvRex0.ll
Unlinking /tmp/nvfortran-Lpg91naDXXE.s
Unlinking /tmp/nvfortran3LpgLLC9SHTq.llvm
Unlinking /tmp/nvfortranVLpgnsHaCQ7L.o


Compilation of the Fortran compiler identification source "CMakeFortranCompilerId.F" produced "a.out"

The Fortran compiler identification is PGI, found in "/home/lucas/sod2d_github/build/CMakeFiles/3.18.4/CompilerIdFortran/a.out"

Detecting Fortran compiler ABI info compiled with the following output:
Change Dir: /home/lucas/sod2d_github/build/CMakeFiles/CMakeTmp

Run Build Command(s):/usr/bin/gmake cmTC_3ae38/fast && /usr/bin/gmake  -f CMakeFiles/cmTC_3ae38.dir/build.make CMakeFiles/cmTC_3ae38.dir/build
gmake[1]: Entering directory '/home/lucas/sod2d_github/build/CMakeFiles/CMakeTmp'
Building Fortran object CMakeFiles/cmTC_3ae38.dir/CMakeFortranCompilerABI.F.o
/opt/nvidia/hpc_sdk/Linux_x86_64/22.2/compilers/bin/nvfortran   -v -c /usr/share/cmake-3.18/Modules/CMakeFortranCompilerABI.F -o CMakeFiles/cmTC_3ae38.dir/CMakeFortranCompilerABI.F.o
Export NVCOMPILER=/opt/nvidia/hpc_sdk/Linux_x86_64/22.2
Export PGI=/opt/nvidia/hpc_sdk

/opt/nvidia/hpc_sdk/Linux_x86_64/22.2/compilers/bin/tools/fort1 /usr/share/cmake-3.18/Modules/CMakeFortranCompilerABI.F -opt 1 -nostatic -x 19 0x400000 -quad -x 59 4 -x 15 2 -x 49 0x400004 -x 51 0x20 -x 57 0x4c -x 58 0x10000 -x 124 0x1000 -tp haswell -x 57 0xfb0000 -x 58 0x78031040 -x 47 0x08 -x 48 4608 -x 49 0x100 -stdinc /opt/nvidia/hpc_sdk/Linux_x86_64/22.2/compilers/include:/usr/lib/gcc/x86_64-linux-gnu/11/include:/usr/local/include:/usr/include/x86_64-linux-gnu:/usr/include -cmdline '+nvfortran /usr/share/cmake-3.18/Modules/CMakeFortranCompilerABI.F -v -c -o CMakeFiles/cmTC_3ae38.dir/CMakeFortranCompilerABI.F.o' -def unix -def __unix -def __unix__ -def linux -def __linux -def __linux__ -def __NO_MATH_INLINES -def __LP64__ -def __x86_64 -def __x86_64__ -def __LONG_MAX__=9223372036854775807L -def '__SIZE_TYPE__=unsigned long int' -def '__PTRDIFF_TYPE__=long int' -def __amd64 -def __amd64__ -def __k8 -def __k8__ -def __MMX__ -def __SSE__ -def __SSE2__ -def __SSE3__ -def __SSSE3__ -def __ABM__ -def __SSE4_1__ -def __SSE4_2__ -def __AVX__ -def __AVX2__ -def __F16C__ -def __FMA__ -def __XSAVE__ -def __XSAVEOPT__ -def __XSAVEC__ -def __XSAVES__ -def __POPCNT__ -def __AES__ -def __PCLMUL__ -def __CLFLUSHOPT__ -def __FSGSBASE__ -def __RDRND__ -def __BMI__ -def __BMI2__ -def __LZCNT__ -def __FXSR__ -def __RTM__ -def __PGLLVM__ -def __NVCOMPILER_LLVM__ -def __extension__= -preprocess -nofreeform -vect 48 -x 54 1 -x 68 0x1 -x 70 0x40000000 -x 70 0x40000000 -x 68 0x1 -x 124 1 -x 195 0x8000 -y 163 0xc0000000 -x 189 0x10 -stbfile /tmp/nvfortran2WpgIcMhnJI8.stb -modexport /tmp/nvfortranMWpgYww3xHtr.cmod -modindex /tmp/nvfortranwWpgcnj9mcle.cmdx -cci /tmp/nvfortrangWpgsa29zKY9.cci -output /tmp/nvfortranwWpgcagQKKc9.ilm
  0 inform,   0 warnings,   0 severes, 0 fatal for cmakefortrancompilerabi
NVFORTRAN/x86-64 Linux 22.2-0: compilation successful

/opt/nvidia/hpc_sdk/Linux_x86_64/22.2/compilers/bin/tools/fort2 /tmp/nvfortranwWpgcagQKKc9.ilm -fn /usr/share/cmake-3.18/Modules/CMakeFortranCompilerABI.F -opt 1 -x 51 0x20 -x 119 0xa10000 -x 122 0x40 -x 123 0x1000 -x 127 4 -x 127 17 -x 19 0x400000 -x 28 0x40000 -x 120 0x10000000 -x 70 0x8000 -x 122 1 -x 125 0x20000 -quad -x 59 4 -tp haswell -x 120 0x1000 -x 124 0x1400 -y 15 2 -x 57 0x3b0000 -x 58 0x48000000 -x 49 0x100 -astype 0 -x 121 1 -x 183 4 -x 121 0x800 -x 68 0x1 -x 8 0x40000000 -x 70 0x40000000 -x 56 0x10 -x 54 0x10 -x 249 130 -x 68 0x20 -x 70 0x40000000 -x 8 0x40000000 -x 164 0x800000 -x 85 0x2000 -x 85 0x4000 -x 34 0x40000000 -x 53 0x800000 -x 83 0x1 -x 84 0x3c7 -x 85 0x1 -x 206 0x02 -x 68 0x1 -x 39 4 -x 56 0x10 -x 26 0x10 -x 26 1 -x 56 0x4000 -x 124 1 -y 163 0xc0000000 -x 189 0x10 -y 189 0x4000000 -cci /tmp/nvfortrangWpgsa29zKY9.cci -cmdline '+nvfortran /usr/share/cmake-3.18/Modules/CMakeFortranCompilerABI.F -v -c -o CMakeFiles/cmTC_3ae38.dir/CMakeFortranCompilerABI.F.o' -stbfile /tmp/nvfortran2WpgIcMhnJI8.stb -asm /tmp/nvfortran2WpgIFPozZSN.ll
  0 inform,   0 warnings,   0 severes, 0 fatal for cmakefortrancompilerabi
NVFORTRAN/x86-64 Linux 22.2-0: compilation successful

/opt/nvidia/hpc_sdk/Linux_x86_64/22.2/compilers/share/llvm/bin/llc /tmp/nvfortran2WpgIFPozZSN.ll -march=x86-64 -mcpu=native -mattr=+mmx -mattr=+sse -mattr=+sse2 -mattr=+sse3 -mattr=+ssse3 -mattr=+sse4.1 -mattr=+sse4.2 -mattr=+avx -mattr=+avx2 -mattr=+f16c -mattr=+fma -mattr=+xsave -mattr=+xsaveopt -mattr=+xsavec -mattr=+xsaves -mattr=+popcnt -mattr=+aes -mattr=+pclmul -mattr=+clflushopt -mattr=+fsgsbase -mattr=+rdrnd -mattr=+bmi -mattr=+bmi2 -mattr=+lzcnt -mattr=+fxsr -mattr=+rtm -O1 -fast-isel=0 -non-global-value-max-name-size=4294967295 -x86-cmov-converter=0 -dwarf-directory=false --align-all-functions=6 --frame-pointer=none -o /tmp/nvfortranMWpgYB1wV6Wc.s

/usr/bin/as /tmp/nvfortranMWpgYB1wV6Wc.s -o CMakeFiles/cmTC_3ae38.dir/CMakeFortranCompilerABI.F.o

/opt/nvidia/hpc_sdk/Linux_x86_64/22.2/compilers/bin/tools/append -noerror CMakeFiles/cmTC_3ae38.dir/CMakeFortranCompilerABI.F.o -name .IPDINFO /tmp/nvfortranMWpgYww3xHtr.cmod -name .IPEINFO /tmp/nvfortranwWpgcnj9mcle.cmdx
Unlinking /tmp/nvfortranwWpgcagQKKc9.ilm
Unlinking /tmp/nvfortrangWpgsa29zKY9.cci
Unlinking /tmp/nvfortran2WpgIcMhnJI8.stb
Unlinking /tmp/nvfortranMWpgYww3xHtr.cmod
Unlinking /tmp/nvfortranwWpgcnj9mcle.cmdx
Unlinking /tmp/nvfortrangWpgs1sjbYOZ.s
Unlinking /tmp/nvfortran2WpgIFPozZSN.ll
Unlinking /tmp/nvfortranMWpgYB1wV6Wc.s
Unlinking /tmp/nvfortranwWpgc6G4ByYj.llvm
Linking Fortran executable cmTC_3ae38
/usr/bin/cmake -E cmake_link_script CMakeFiles/cmTC_3ae38.dir/link.txt --verbose=1
/opt/nvidia/hpc_sdk/Linux_x86_64/22.2/compilers/bin/nvfortran  -v CMakeFiles/cmTC_3ae38.dir/CMakeFortranCompilerABI.F.o -o cmTC_3ae38 
Export NVCOMPILER=/opt/nvidia/hpc_sdk/Linux_x86_64/22.2
Export PGI=/opt/nvidia/hpc_sdk

/usr/bin/ld /usr/lib/x86_64-linux-gnu/crt1.o /usr/lib/x86_64-linux-gnu/crti.o /opt/nvidia/hpc_sdk/Linux_x86_64/22.2/compilers/lib/trace_init.o /usr/lib/gcc/x86_64-linux-gnu/11/crtbegin.o /opt/nvidia/hpc_sdk/Linux_x86_64/22.2/compilers/lib/f90main.o --eh-frame-hdr -m elf_x86_64 -dynamic-linker /lib64/ld-linux-x86-64.so.2 -T /opt/nvidia/hpc_sdk/Linux_x86_64/22.2/compilers/lib/nvhpc.ld -L/opt/nvidia/hpc_sdk/Linux_x86_64/22.2/compilers/lib -L/usr/lib64 -L/usr/lib/gcc/x86_64-linux-gnu/11 CMakeFiles/cmTC_3ae38.dir/CMakeFortranCompilerABI.F.o -rpath /opt/nvidia/hpc_sdk/Linux_x86_64/22.2/compilers/lib -rpath /usr/lib/gcc/x86_64-linux-gnu/11/../../../../lib64 -o cmTC_3ae38 -L/usr/lib/gcc/x86_64-linux-gnu/11/../../../../lib64 -lnvf -lnvomp -ldl --as-needed -lnvhpcatm -latomic --no-as-needed -lpthread -lnvcpumath -lnsnvc -lnvc -lrt -lpthread -lgcc -lc -lgcc_s -lm /usr/lib/gcc/x86_64-linux-gnu/11/crtend.o /usr/lib/x86_64-linux-gnu/crtn.o
gmake[1]: Leaving directory '/home/lucas/sod2d_github/build/CMakeFiles/CMakeTmp'



Parsed Fortran implicit include dir info from above output: rv=start
  warn: unable to parse implicit include dirs!


Parsed Fortran implicit link information from above output:
  link line regex: [^( *|.*[/\])(ld|CMAKE_LINK_STARTFILE-NOTFOUND|([^/\]+-)?ld|collect2)[^/\]*( |$)]
  ignore line: [Change Dir: /home/lucas/sod2d_github/build/CMakeFiles/CMakeTmp]
  ignore line: []
  ignore line: [Run Build Command(s):/usr/bin/gmake cmTC_3ae38/fast && /usr/bin/gmake  -f CMakeFiles/cmTC_3ae38.dir/build.make CMakeFiles/cmTC_3ae38.dir/build]
  ignore line: [gmake[1]: Entering directory '/home/lucas/sod2d_github/build/CMakeFiles/CMakeTmp']
  ignore line: [Building Fortran object CMakeFiles/cmTC_3ae38.dir/CMakeFortranCompilerABI.F.o]
  ignore line: [/opt/nvidia/hpc_sdk/Linux_x86_64/22.2/compilers/bin/nvfortran   -v -c /usr/share/cmake-3.18/Modules/CMakeFortranCompilerABI.F -o CMakeFiles/cmTC_3ae38.dir/CMakeFortranCompilerABI.F.o]
  ignore line: [Export NVCOMPILER=/opt/nvidia/hpc_sdk/Linux_x86_64/22.2]
  ignore line: [Export PGI=/opt/nvidia/hpc_sdk]
  ignore line: []
  ignore line: [/opt/nvidia/hpc_sdk/Linux_x86_64/22.2/compilers/bin/tools/fort1 /usr/share/cmake-3.18/Modules/CMakeFortranCompilerABI.F -opt 1 -nostatic -x 19 0x400000 -quad -x 59 4 -x 15 2 -x 49 0x400004 -x 51 0x20 -x 57 0x4c -x 58 0x10000 -x 124 0x1000 -tp haswell -x 57 0xfb0000 -x 58 0x78031040 -x 47 0x08 -x 48 4608 -x 49 0x100 -stdinc /opt/nvidia/hpc_sdk/Linux_x86_64/22.2/compilers/include:/usr/lib/gcc/x86_64-linux-gnu/11/include:/usr/local/include:/usr/include/x86_64-linux-gnu:/usr/include -cmdline '+nvfortran /usr/share/cmake-3.18/Modules/CMakeFortranCompilerABI.F -v -c -o CMakeFiles/cmTC_3ae38.dir/CMakeFortranCompilerABI.F.o' -def unix -def __unix -def __unix__ -def linux -def __linux -def __linux__ -def __NO_MATH_INLINES -def __LP64__ -def __x86_64 -def __x86_64__ -def __LONG_MAX__=9223372036854775807L -def '__SIZE_TYPE__=unsigned long int' -def '__PTRDIFF_TYPE__=long int' -def __amd64 -def __amd64__ -def __k8 -def __k8__ -def __MMX__ -def __SSE__ -def __SSE2__ -def __SSE3__ -def __SSSE3__ -def __ABM__ -def __SSE4_1__ -def __SSE4_2__ -def __AVX__ -def __AVX2__ -def __F16C__ -def __FMA__ -def __XSAVE__ -def __XSAVEOPT__ -def __XSAVEC__ -def __XSAVES__ -def __POPCNT__ -def __AES__ -def __PCLMUL__ -def __CLFLUSHOPT__ -def __FSGSBASE__ -def __RDRND__ -def __BMI__ -def __BMI2__ -def __LZCNT__ -def __FXSR__ -def __RTM__ -def __PGLLVM__ -def __NVCOMPILER_LLVM__ -def __extension__= -preprocess -nofreeform -vect 48 -x 54 1 -x 68 0x1 -x 70 0x40000000 -x 70 0x40000000 -x 68 0x1 -x 124 1 -x 195 0x8000 -y 163 0xc0000000 -x 189 0x10 -stbfile /tmp/nvfortran2WpgIcMhnJI8.stb -modexport /tmp/nvfortranMWpgYww3xHtr.cmod -modindex /tmp/nvfortranwWpgcnj9mcle.cmdx -cci /tmp/nvfortrangWpgsa29zKY9.cci -output /tmp/nvfortranwWpgcagQKKc9.ilm]
  ignore line: [  0 inform    0 warnings    0 severes  0 fatal for cmakefortrancompilerabi]
  ignore line: [NVFORTRAN/x86-64 Linux 22.2-0: compilation successful]
  ignore line: []
  ignore line: [/opt/nvidia/hpc_sdk/Linux_x86_64/22.2/compilers/bin/tools/fort2 /tmp/nvfortranwWpgcagQKKc9.ilm -fn /usr/share/cmake-3.18/Modules/CMakeFortranCompilerABI.F -opt 1 -x 51 0x20 -x 119 0xa10000 -x 122 0x40 -x 123 0x1000 -x 127 4 -x 127 17 -x 19 0x400000 -x 28 0x40000 -x 120 0x10000000 -x 70 0x8000 -x 122 1 -x 125 0x20000 -quad -x 59 4 -tp haswell -x 120 0x1000 -x 124 0x1400 -y 15 2 -x 57 0x3b0000 -x 58 0x48000000 -x 49 0x100 -astype 0 -x 121 1 -x 183 4 -x 121 0x800 -x 68 0x1 -x 8 0x40000000 -x 70 0x40000000 -x 56 0x10 -x 54 0x10 -x 249 130 -x 68 0x20 -x 70 0x40000000 -x 8 0x40000000 -x 164 0x800000 -x 85 0x2000 -x 85 0x4000 -x 34 0x40000000 -x 53 0x800000 -x 83 0x1 -x 84 0x3c7 -x 85 0x1 -x 206 0x02 -x 68 0x1 -x 39 4 -x 56 0x10 -x 26 0x10 -x 26 1 -x 56 0x4000 -x 124 1 -y 163 0xc0000000 -x 189 0x10 -y 189 0x4000000 -cci /tmp/nvfortrangWpgsa29zKY9.cci -cmdline '+nvfortran /usr/share/cmake-3.18/Modules/CMakeFortranCompilerABI.F -v -c -o CMakeFiles/cmTC_3ae38.dir/CMakeFortranCompilerABI.F.o' -stbfile /tmp/nvfortran2WpgIcMhnJI8.stb -asm /tmp/nvfortran2WpgIFPozZSN.ll]
  ignore line: [  0 inform    0 warnings    0 severes  0 fatal for cmakefortrancompilerabi]
  ignore line: [NVFORTRAN/x86-64 Linux 22.2-0: compilation successful]
  ignore line: []
  ignore line: [/opt/nvidia/hpc_sdk/Linux_x86_64/22.2/compilers/share/llvm/bin/llc /tmp/nvfortran2WpgIFPozZSN.ll -march=x86-64 -mcpu=native -mattr=+mmx -mattr=+sse -mattr=+sse2 -mattr=+sse3 -mattr=+ssse3 -mattr=+sse4.1 -mattr=+sse4.2 -mattr=+avx -mattr=+avx2 -mattr=+f16c -mattr=+fma -mattr=+xsave -mattr=+xsaveopt -mattr=+xsavec -mattr=+xsaves -mattr=+popcnt -mattr=+aes -mattr=+pclmul -mattr=+clflushopt -mattr=+fsgsbase -mattr=+rdrnd -mattr=+bmi -mattr=+bmi2 -mattr=+lzcnt -mattr=+fxsr -mattr=+rtm -O1 -fast-isel=0 -non-global-value-max-name-size=4294967295 -x86-cmov-converter=0 -dwarf-directory=false --align-all-functions=6 --frame-pointer=none -o /tmp/nvfortranMWpgYB1wV6Wc.s]
  ignore line: []
  ignore line: [/usr/bin/as /tmp/nvfortranMWpgYB1wV6Wc.s -o CMakeFiles/cmTC_3ae38.dir/CMakeFortranCompilerABI.F.o]
  ignore line: []
  ignore line: [/opt/nvidia/hpc_sdk/Linux_x86_64/22.2/compilers/bin/tools/append -noerror CMakeFiles/cmTC_3ae38.dir/CMakeFortranCompilerABI.F.o -name .IPDINFO /tmp/nvfortranMWpgYww3xHtr.cmod -name .IPEINFO /tmp/nvfortranwWpgcnj9mcle.cmdx]
  ignore line: [Unlinking /tmp/nvfortranwWpgcagQKKc9.ilm]
  ignore line: [Unlinking /tmp/nvfortrangWpgsa29zKY9.cci]
  ignore line: [Unlinking /tmp/nvfortran2WpgIcMhnJI8.stb]
  ignore line: [Unlinking /tmp/nvfortranMWpgYww3xHtr.cmod]
  ignore line: [Unlinking /tmp/nvfortranwWpgcnj9mcle.cmdx]
  ignore line: [Unlinking /tmp/nvfortrangWpgs1sjbYOZ.s]
  ignore line: [Unlinking /tmp/nvfortran2WpgIFPozZSN.ll]
  ignore line: [Unlinking /tmp/nvfortranMWpgYB1wV6Wc.s]
  ignore line: [Unlinking /tmp/nvfortranwWpgc6G4ByYj.llvm]
  ignore line: [Linking Fortran executable cmTC_3ae38]
  ignore line: [/usr/bin/cmake -E cmake_link_script CMakeFiles/cmTC_3ae38.dir/link.txt --verbose=1]
  ignore line: [/opt/nvidia/hpc_sdk/Linux_x86_64/22.2/compilers/bin/nvfortran  -v CMakeFiles/cmTC_3ae38.dir/CMakeFortranCompilerABI.F.o -o cmTC_3ae38 ]
  ignore line: [Export NVCOMPILER=/opt/nvidia/hpc_sdk/Linux_x86_64/22.2]
  ignore line: [Export PGI=/opt/nvidia/hpc_sdk]
  ignore line: []
  link line: [/usr/bin/ld /usr/lib/x86_64-linux-gnu/crt1.o /usr/lib/x86_64-linux-gnu/crti.o /opt/nvidia/hpc_sdk/Linux_x86_64/22.2/compilers/lib/trace_init.o /usr/lib/gcc/x86_64-linux-gnu/11/crtbegin.o /opt/nvidia/hpc_sdk/Linux_x86_64/22.2/compilers/lib/f90main.o --eh-frame-hdr -m elf_x86_64 -dynamic-linker /lib64/ld-linux-x86-64.so.2 -T /opt/nvidia/hpc_sdk/Linux_x86_64/22.2/compilers/lib/nvhpc.ld -L/opt/nvidia/hpc_sdk/Linux_x86_64/22.2/compilers/lib -L/usr/lib64 -L/usr/lib/gcc/x86_64-linux-gnu/11 CMakeFiles/cmTC_3ae38.dir/CMakeFortranCompilerABI.F.o -rpath /opt/nvidia/hpc_sdk/Linux_x86_64/22.2/compilers/lib -rpath /usr/lib/gcc/x86_64-linux-gnu/11/../../../../lib64 -o cmTC_3ae38 -L/usr/lib/gcc/x86_64-linux-gnu/11/../../../../lib64 -lnvf -lnvomp -ldl --as-needed -lnvhpcatm -latomic --no-as-needed -lpthread -lnvcpumath -lnsnvc -lnvc -lrt -lpthread -lgcc -lc -lgcc_s -lm /usr/lib/gcc/x86_64-linux-gnu/11/crtend.o /usr/lib/x86_64-linux-gnu/crtn.o]
    arg [/usr/bin/ld] ==> ignore
    arg [/usr/lib/x86_64-linux-gnu/crt1.o] ==> ignore
    arg [/usr/lib/x86_64-linux-gnu/crti.o] ==> ignore
    arg [/opt/nvidia/hpc_sdk/Linux_x86_64/22.2/compilers/lib/trace_init.o] ==> ignore
    arg [/usr/lib/gcc/x86_64-linux-gnu/11/crtbegin.o] ==> ignore
    arg [/opt/nvidia/hpc_sdk/Linux_x86_64/22.2/compilers/lib/f90main.o] ==> ignore
    arg [--eh-frame-hdr] ==> ignore
    arg [-m] ==> ignore
    arg [elf_x86_64] ==> ignore
    arg [-dynamic-linker] ==> ignore
    arg [/lib64/ld-linux-x86-64.so.2] ==> ignore
    arg [-T] ==> ignore
    arg [/opt/nvidia/hpc_sdk/Linux_x86_64/22.2/compilers/lib/nvhpc.ld] ==> ignore
    arg [-L/opt/nvidia/hpc_sdk/Linux_x86_64/22.2/compilers/lib] ==> dir [/opt/nvidia/hpc_sdk/Linux_x86_64/22.2/compilers/lib]
    arg [-L/usr/lib64] ==> dir [/usr/lib64]
    arg [-L/usr/lib/gcc/x86_64-linux-gnu/11] ==> dir [/usr/lib/gcc/x86_64-linux-gnu/11]
    arg [CMakeFiles/cmTC_3ae38.dir/CMakeFortranCompilerABI.F.o] ==> ignore
    arg [-rpath] ==> ignore
    arg [/opt/nvidia/hpc_sdk/Linux_x86_64/22.2/compilers/lib] ==> ignore
    arg [-rpath] ==> ignore
    arg [/usr/lib/gcc/x86_64-linux-gnu/11/../../../../lib64] ==> ignore
    arg [-o] ==> ignore
    arg [cmTC_3ae38] ==> ignore
    arg [-L/usr/lib/gcc/x86_64-linux-gnu/11/../../../../lib64] ==> dir [/usr/lib/gcc/x86_64-linux-gnu/11/../../../../lib64]
    arg [-lnvf] ==> lib [nvf]
    arg [-lnvomp] ==> lib [nvomp]
    arg [-ldl] ==> lib [dl]
    arg [--as-needed] ==> ignore
    arg [-lnvhpcatm] ==> lib [nvhpcatm]
    arg [-latomic] ==> lib [atomic]
    arg [--no-as-needed] ==> ignore
    arg [-lpthread] ==> lib [pthread]
    arg [-lnvcpumath] ==> lib [nvcpumath]
    arg [-lnsnvc] ==> lib [nsnvc]
    arg [-lnvc] ==> lib [nvc]
    arg [-lrt] ==> lib [rt]
    arg [-lpthread] ==> lib [pthread]
    arg [-lgcc] ==> lib [gcc]
    arg [-lc] ==> lib [c]
    arg [-lgcc_s] ==> lib [gcc_s]
    arg [-lm] ==> lib [m]
    arg [/usr/lib/gcc/x86_64-linux-gnu/11/crtend.o] ==> ignore
    arg [/usr/lib/x86_64-linux-gnu/crtn.o] ==> ignore
  collapse library dir [/opt/nvidia/hpc_sdk/Linux_x86_64/22.2/compilers/lib] ==> [/opt/nvidia/hpc_sdk/Linux_x86_64/22.2/compilers/lib]
  collapse library dir [/usr/lib64] ==> [/usr/lib64]
  collapse library dir [/usr/lib/gcc/x86_64-linux-gnu/11] ==> [/usr/lib/gcc/x86_64-linux-gnu/11]
  collapse library dir [/usr/lib/gcc/x86_64-linux-gnu/11/../../../../lib64] ==> [/usr/lib64]
  implicit libs: [nvf;nvomp;dl;nvhpcatm;atomic;pthread;nvcpumath;nsnvc;nvc;rt;pthread;gcc;c;gcc_s;m]
  implicit dirs: [/opt/nvidia/hpc_sdk/Linux_x86_64/22.2/compilers/lib;/usr/lib64;/usr/lib/gcc/x86_64-linux-gnu/11]
  implicit fwks: []


Determining if the Fortran compiler supports Fortran 90 passed with the following output:
Change Dir: /home/lucas/sod2d_github/build/CMakeFiles/CMakeTmp

Run Build Command(s):/usr/bin/gmake cmTC_898ef/fast && /usr/bin/gmake  -f CMakeFiles/cmTC_898ef.dir/build.make CMakeFiles/cmTC_898ef.dir/build
gmake[1]: Entering directory '/home/lucas/sod2d_github/build/CMakeFiles/CMakeTmp'
Building Fortran object CMakeFiles/cmTC_898ef.dir/testFortranCompilerF90.f90.o
/opt/nvidia/hpc_sdk/Linux_x86_64/22.2/compilers/bin/nvfortran    -c /home/lucas/sod2d_github/build/CMakeFiles/CMakeTmp/testFortranCompilerF90.f90 -o CMakeFiles/cmTC_898ef.dir/testFortranCompilerF90.f90.o
Linking Fortran executable cmTC_898ef
/usr/bin/cmake -E cmake_link_script CMakeFiles/cmTC_898ef.dir/link.txt --verbose=1
/opt/nvidia/hpc_sdk/Linux_x86_64/22.2/compilers/bin/nvfortran CMakeFiles/cmTC_898ef.dir/testFortranCompilerF90.f90.o -o cmTC_898ef 
gmake[1]: Leaving directory '/home/lucas/sod2d_github/build/CMakeFiles/CMakeTmp'



